Open5GS daemon v2.7.0

01/05 06:34:48.391: [app] INFO: Configuration: '/home/nnoon/Open_5G/install/etc/open5gs/nrf.yaml' (../lib/app/ogs-init.c:130)
01/05 06:34:48.391: [app] INFO: File Logging: '/home/nnoon/Open_5G/install/var/log/open5gs/nrf.log' (../lib/app/ogs-init.c:133)
01/05 06:34:48.393: [sock] ERROR: socket bind(2) [127.0.0.10]:7777 failed (98:Address already in use) (../lib/core/ogs-socket.c:114)
01/05 06:34:48.393: [sock] ERROR: tcp_server() [127.0.0.10]:7777 failed (98:Address already in use) (../lib/core/ogs-tcp.c:72)
01/05 06:34:48.393: [sbi] ERROR: Cannot start SBI server (../lib/sbi/nghttp2-server.c:389)
01/05 06:34:48.393: [app] ERROR: Failed to initialize NRF (../src/nrf/app.c:28)
01/05 06:34:48.393: [app] FATAL: Open5GS initialization failed. Aborted (../src/main.c:219)
Open5GS daemon v2.7.0

01/05 06:35:05.668: [app] INFO: Configuration: '/home/nnoon/Open_5G/install/etc/open5gs/nrf.yaml' (../lib/app/ogs-init.c:130)
01/05 06:35:05.668: [app] INFO: File Logging: '/home/nnoon/Open_5G/install/var/log/open5gs/nrf.log' (../lib/app/ogs-init.c:133)
01/05 06:35:05.670: [sbi] INFO: nghttp2_server() [http://127.0.0.10]:7777 (../lib/sbi/nghttp2-server.c:414)
01/05 06:35:05.670: [app] INFO: NRF initialize...done (../src/nrf/app.c:31)
01/05 06:35:05.902: [nrf] WARNING: Not found [5a029fd4-ab93-41ee-9cf8-014158a5c17c] (../src/nrf/nrf-sm.c:150)
01/05 06:35:05.934: [nrf] WARNING: Not found [5a0c8ae4-ab93-41ee-8f31-7da4f3ccbf29] (../src/nrf/nrf-sm.c:150)
01/05 06:35:05.984: [nrf] WARNING: Not found [5a16c9aa-ab93-41ee-9b52-4dc9c02e9301] (../src/nrf/nrf-sm.c:150)
01/05 06:35:06.355: [nrf] INFO: [59be7bc4-ab93-41ee-9fdb-09eda1403cfe] NF registered [Heartbeat:10s] (../src/nrf/nf-sm.c:190)
01/05 06:35:06.360: [nrf] INFO: [908ae3b2-ab94-41ee-b037-11d1def83dff] Subscription created until 2024-01-06T06:35:06.359535+00:00 [validity_duration:86400] (../src/nrf/nnrf-handler.c:445)
01/05 06:35:06.361: [nrf] INFO: [908b2656-ab94-41ee-b037-11d1def83dff] Subscription created until 2024-01-06T06:35:06.361218+00:00 [validity_duration:86400] (../src/nrf/nnrf-handler.c:445)
01/05 06:35:06.362: [nrf] INFO: [908b4f00-ab94-41ee-b037-11d1def83dff] Subscription created until 2024-01-06T06:35:06.362258+00:00 [validity_duration:86400] (../src/nrf/nnrf-handler.c:445)
01/05 06:35:06.363: [nrf] INFO: [908b67d8-ab94-41ee-b037-11d1def83dff] Subscription created until 2024-01-06T06:35:06.362893+00:00 [validity_duration:86400] (../src/nrf/nnrf-handler.c:445)
01/05 06:35:06.363: [nrf] INFO: [908b7d04-ab94-41ee-b037-11d1def83dff] Subscription created until 2024-01-06T06:35:06.363433+00:00 [validity_duration:86400] (../src/nrf/nnrf-handler.c:445)
01/05 06:35:06.364: [nrf] INFO: [908b9fa0-ab94-41ee-b037-11d1def83dff] Subscription created until 2024-01-06T06:35:06.364323+00:00 [validity_duration:86400] (../src/nrf/nnrf-handler.c:445)
01/05 06:35:06.365: [nrf] INFO: [908bb7c4-ab94-41ee-b037-11d1def83dff] Subscription created until 2024-01-06T06:35:06.364938+00:00 [validity_duration:86400] (../src/nrf/nnrf-handler.c:445)
01/05 06:35:06.365: [nrf] INFO: [908bcc00-ab94-41ee-b037-11d1def83dff] Subscription created until 2024-01-06T06:35:06.365456+00:00 [validity_duration:86400] (../src/nrf/nnrf-handler.c:445)
01/05 06:35:06.371: [nrf] INFO: [908bdfc4-ab94-41ee-b037-11d1def83dff] Subscription created until 2024-01-06T06:35:06.365960+00:00 [validity_duration:86400] (../src/nrf/nnrf-handler.c:445)
01/05 06:35:07.908: [nrf] INFO: [5a029fd4-ab93-41ee-9cf8-014158a5c17c] NF registered [Heartbeat:10s] (../src/nrf/nf-sm.c:190)
01/05 06:35:07.913: [nrf] INFO: [9177db7c-ab94-41ee-b037-11d1def83dff] Subscription created until 2024-01-06T06:35:07.912511+00:00 [validity_duration:86400] (../src/nrf/nnrf-handler.c:445)
01/05 06:35:07.914: [nrf] INFO: [91781146-ab94-41ee-b037-11d1def83dff] Subscription created until 2024-01-06T06:35:07.913881+00:00 [validity_duration:86400] (../src/nrf/nnrf-handler.c:445)
01/05 06:35:07.914: [nrf] INFO: [91782e4c-ab94-41ee-b037-11d1def83dff] Subscription created until 2024-01-06T06:35:07.914622+00:00 [validity_duration:86400] (../src/nrf/nnrf-handler.c:445)
01/05 06:35:07.942: [nrf] INFO: [5a0c8ae4-ab93-41ee-8f31-7da4f3ccbf29] NF registered [Heartbeat:10s] (../src/nrf/nf-sm.c:190)
01/05 06:35:07.945: [nrf] INFO: [917ccede-ab94-41ee-b037-11d1def83dff] Subscription created until 2024-01-06T06:35:07.944946+00:00 [validity_duration:86400] (../src/nrf/nnrf-handler.c:445)
01/05 06:35:07.988: [nrf] INFO: [5a16c9aa-ab93-41ee-9b52-4dc9c02e9301] NF registered [Heartbeat:10s] (../src/nrf/nf-sm.c:190)
01/05 06:35:07.992: [nrf] INFO: [9184150e-ab94-41ee-b037-11d1def83dff] Subscription created until 2024-01-06T06:35:07.992617+00:00 [validity_duration:86400] (../src/nrf/nnrf-handler.c:445)
01/05 06:35:12.458: [app] INFO: SIGINT received (../src/main.c:53)
01/05 06:35:12.458: [app] INFO: Open5GS daemon terminating... (../src/main.c:226)
01/05 06:35:12.461: [nrf] INFO: [59be7bc4-ab93-41ee-9fdb-09eda1403cfe] NF de-registered (../src/nrf/nf-sm.c:206)
01/05 06:35:12.461: [nrf] INFO: [5a029fd4-ab93-41ee-9cf8-014158a5c17c] NF de-registered (../src/nrf/nf-sm.c:206)
01/05 06:35:12.461: [nrf] INFO: [5a0c8ae4-ab93-41ee-8f31-7da4f3ccbf29] NF de-registered (../src/nrf/nf-sm.c:206)
01/05 06:35:12.462: [nrf] INFO: [5a16c9aa-ab93-41ee-9b52-4dc9c02e9301] NF de-registered (../src/nrf/nf-sm.c:206)
01/05 06:35:12.463: [app] INFO: NRF terminate...done (../src/nrf/app.c:39)
Open5GS daemon v2.7.0

01/05 06:35:17.548: [app] INFO: Configuration: '/home/nnoon/Open_5G/install/etc/open5gs/nrf.yaml' (../lib/app/ogs-init.c:130)
01/05 06:35:17.548: [app] INFO: File Logging: '/home/nnoon/Open_5G/install/var/log/open5gs/nrf.log' (../lib/app/ogs-init.c:133)
01/05 06:35:17.550: [sbi] INFO: nghttp2_server() [http://127.0.0.10]:7777 (../lib/sbi/nghttp2-server.c:414)
01/05 06:35:17.551: [app] INFO: NRF initialize...done (../src/nrf/app.c:31)
01/05 06:35:17.921: [nrf] WARNING: Not found [5a029fd4-ab93-41ee-9cf8-014158a5c17c] (../src/nrf/nrf-sm.c:150)
01/05 06:35:17.953: [nrf] WARNING: Not found [5a0c8ae4-ab93-41ee-8f31-7da4f3ccbf29] (../src/nrf/nrf-sm.c:150)
01/05 06:35:18.001: [nrf] WARNING: Not found [5a16c9aa-ab93-41ee-9b52-4dc9c02e9301] (../src/nrf/nrf-sm.c:150)
01/05 06:35:19.925: [nrf] INFO: [5a029fd4-ab93-41ee-9cf8-014158a5c17c] NF registered [Heartbeat:10s] (../src/nrf/nf-sm.c:190)
01/05 06:35:19.928: [nrf] INFO: [98a15360-ab94-41ee-9830-fba44b38516c] Subscription created until 2024-01-06T06:35:19.928356+00:00 [validity_duration:86400] (../src/nrf/nnrf-handler.c:445)
01/05 06:35:19.929: [nrf] INFO: [98a17be2-ab94-41ee-9830-fba44b38516c] Subscription created until 2024-01-06T06:35:19.929364+00:00 [validity_duration:86400] (../src/nrf/nnrf-handler.c:445)
01/05 06:35:19.930: [nrf] INFO: [98a199d8-ab94-41ee-9830-fba44b38516c] Subscription created until 2024-01-06T06:35:19.930129+00:00 [validity_duration:86400] (../src/nrf/nnrf-handler.c:445)
01/05 06:35:19.957: [nrf] INFO: [5a0c8ae4-ab93-41ee-8f31-7da4f3ccbf29] NF registered [Heartbeat:10s] (../src/nrf/nf-sm.c:190)
01/05 06:35:19.959: [nrf] INFO: [98a6087e-ab94-41ee-9830-fba44b38516c] Subscription created until 2024-01-06T06:35:19.959182+00:00 [validity_duration:86400] (../src/nrf/nnrf-handler.c:445)
01/05 06:35:20.013: [nrf] INFO: [5a16c9aa-ab93-41ee-9b52-4dc9c02e9301] NF registered [Heartbeat:10s] (../src/nrf/nf-sm.c:190)
01/05 06:35:20.017: [nrf] INFO: [98aee480-ab94-41ee-9830-fba44b38516c] Subscription created until 2024-01-06T06:35:20.017242+00:00 [validity_duration:86400] (../src/nrf/nnrf-handler.c:445)
01/05 06:35:21.109: [app] INFO: SIGINT received (../src/main.c:53)
01/05 06:35:21.110: [app] INFO: Open5GS daemon terminating... (../src/main.c:226)
01/05 06:35:21.117: [nrf] INFO: [5a029fd4-ab93-41ee-9cf8-014158a5c17c] NF de-registered (../src/nrf/nf-sm.c:206)
01/05 06:35:21.117: [nrf] INFO: [5a0c8ae4-ab93-41ee-8f31-7da4f3ccbf29] NF de-registered (../src/nrf/nf-sm.c:206)
01/05 06:35:21.117: [nrf] INFO: [5a16c9aa-ab93-41ee-9b52-4dc9c02e9301] NF de-registered (../src/nrf/nf-sm.c:206)
01/05 06:35:21.119: [app] INFO: NRF terminate...done (../src/nrf/app.c:39)
